INFO:root:2017-07-16 00:56:47 BUY 5 LTC, price 275.0<p />
INFO:root:2017-07-16 00:56:47 BUY 5 LTC, price 275.0<p />
INFO:root:2017-07-16 00:58:56 BUY 5 LTC, price 272.77<p />
INFO:root:2017-07-16 01:23:09 Sell 5 LTC, price 278.2 gain cny:10.468<p />
INFO:root:2017-07-16 01:23:15 Sell 5 LTC, price 279.0 gain cny:25.6323<p />
INFO:root:2017-07-16 01:23:26 Sell 5 LTC, price 279.2 gain cny:15.458<p />
INFO:root:2017-07-16 01:32:10 BUY 5 LTC, price 278.0<p />
INFO:root:2017-07-16 01:50:39 BUY 5 LTC, price 275.0<p />
INFO:root:2017-07-16 01:52:52 BUY 5 LTC, price 273.0<p />
INFO:root:2017-07-16 02:06:24 Sell 5 LTC, price 280.0 gain cny:19.45<p />
INFO:root:2017-07-16 02:06:24 Sell 5 LTC, price 280.0 gain cny:29.47<p />
INFO:root:2017-07-16 02:25:46 BUY 5 LTC, price 274.99<p />
INFO:root:2017-07-16 03:51:01 Sell 5 LTC, price 279.2 gain cny:15.5081<p />
INFO:root:2017-07-16 04:24:49 BUY 5 LTC, price 275.0<p />
INFO:root:2017-07-16 06:43:26 Sell 5 LTC, price 279.5 gain cny:16.955<p />
INFO:root:2017-07-16 07:27:08 BUY 5 LTC, price 275.0<p />
INFO:root:2017-07-16 07:32:41 BUY 5 LTC, price 273.0<p />
WARNING:root:Closed Down <p />
INFO:root:2017-07-16 16:20:30 BUY 10 LTC, price 275.69<p />
INFO:root:2017-07-16 16:21:03 BUY 5 LTC, price 275.66<p />
INFO:root:2017-07-16 17:10:11 BUY 10 LTC, price 270.0<p />
INFO:root:2017-07-16 17:10:11 BUY 10 LTC, price 270.0<p />
INFO:root:2017-07-16 17:30:15 BUY 5 LTC, price 266.0<p />
WARNING:root:Closed Down <p />
INFO:root:2017-07-16 17:30:30 BUY 5 LTC, price 267.5<p />
WARNING:root:Closed Down <p />
INFO:root:2017-07-16 17:30:48 BUY 5 LTC, price 267.74<p />
WARNING:root:Closed Down <p />
WARNING:root:Going away
INFO:root:2017-07-16 17:32:35 BUY 5 LTC, price 267.98<p />
WARNING:root:Closed Down <p />
WARNING:root:Going away
INFO:root:2017-07-16 17:33:09 BUY 5 LTC, price 268.96<p />
INFO:root:2017-07-16 17:33:09 BUY 5 LTC, price 268.96<p />
INFO:root:2017-07-16 17:33:09 BUY 1 LTC, price 268.96<p />
INFO:root:2017-07-16 17:33:09 BUY 1 LTC, price 268.96<p />
INFO:root:2017-07-16 17:33:09 BUY 1 LTC, price 268.96<p />
INFO:root:2017-07-16 17:33:09 BUY 1 LTC, price 268.96<p />
INFO:root:2017-07-16 17:33:09 BUY 1 LTC, price 268.96<p />
INFO:root:2017-07-16 17:33:09 BUY 1 LTC, price 268.96<p />
INFO:root:2017-07-16 17:33:09 BUY 1 LTC, price 268.96<p />
INFO:root:2017-07-16 17:34:39 BUY 5 LTC, price 269.99<p />
INFO:root:2017-07-16 17:34:39 BUY 5 LTC, price 269.99<p />
INFO:root:2017-07-16 17:34:39 BUY 1 LTC, price 269.99<p />
INFO:root:2017-07-16 17:34:39 BUY 1 LTC, price 269.99<p />
INFO:root:2017-07-16 17:34:39 BUY 1 LTC, price 269.99<p />
INFO:root:2017-07-16 17:34:39 BUY 1 LTC, price 269.99<p />
INFO:root:2017-07-16 17:34:39 BUY 1 LTC, price 269.99<p />
INFO:root:2017-07-16 17:34:39 BUY 1 LTC, price 269.99<p />
INFO:root:2017-07-16 17:34:39 BUY 1 LTC, price 269.99<p />
INFO:root:2017-07-16 17:36:40 BUY 10 LTC, price 270.46<p />
INFO:root:2017-07-16 17:37:39 BUY 10 LTC, price 270.89<p />
INFO:root:2017-07-16 17:39:35 BUY 10 LTC, price 270.8<p />
INFO:root:2017-07-16 17:41:14 BUY 10 LTC, price 269.9<p />
INFO:root:2017-07-16 17:41:14 BUY 10 LTC, price 269.9<p />
INFO:root:2017-07-16 18:17:33 Sell 10 LTC, price 272.0 gain cny:10.162<p />
INFO:root:2017-07-16 18:17:33 Sell 10 LTC, price 272.0 gain cny:10.162<p />
INFO:root:2017-07-16 18:17:33 Sell 10 LTC, price 272.0 gain cny:10.162<p />
INFO:root:2017-07-16 18:32:39 BUY 10 LTC, price 270.0<p />
INFO:root:2017-07-16 18:32:39 BUY 10 LTC, price 270.0<p />
INFO:root:2017-07-16 18:32:39 BUY 10 LTC, price 270.0<p />
ERROR:ws4py:Failed to receive data
Traceback (most recent call last):
  File "/usr/local/lib/python2.7/dist-packages/ws4py/websocket.py", line 390, in once
    b = self.sock.recv(self.reading_buffer_size)
  File "/usr/lib/python2.7/ssl.py", line 756, in recv
    return self.read(buflen)
  File "/usr/lib/python2.7/ssl.py", line 643, in read
    v = self._sslobj.read(len)
error: [Errno 104] Connection reset by peer
WARNING:root:Closed Down <p />
WARNING:root:Going away
WARNING:root:Closed Down <p />
WARNING:root:Going away
WARNING:root:2017-07-16 21:52:23Closed Down <p />
